<?xml version="1.0" encoding="UTF-8"?>
<!-- Generated by org.testng.reporters.JUnitReportReporter -->
<testsuite hostname="LAPTOP-20464U94" failures="0" tests="2" name="testcases.reg_testcase1" time="2.154" errors="0" timestamp="19 Oct. 2019 00:16:53 GMT" skipped="0">
  <testcase classname="testcases.reg_testcase1" name="validateHomePageTitle" time="0.814"/>
  <testcase classname="testcases.reg_testcase1" name="login" time="1.340"/>
</testsuite> <!-- testcases.reg_testcase1 -->
