<?xml version="1.0" encoding="UTF-8"?>
<!-- Generated by org.testng.reporters.JUnitReportReporter -->
<testsuite skipped="0" hostname="LAPTOP-20464U94" name="testcases.reg_testcase2" tests="2" failures="0" timestamp="17 Aug 2019 18:54:18 GMT" time="1.653" errors="0">
  <testcase name="validateHomePageTitle" time="0.589" classname="testcases.reg_testcase2"/>
  <testcase name="login" time="1.064" classname="testcases.reg_testcase2"/>
</testsuite> <!-- testcases.reg_testcase2 -->
