<?xml version="1.0" encoding="UTF-8"?>
<!-- Generated by org.testng.reporters.JUnitReportReporter -->
<testsuite skipped="0" hostname="LAPTOP-20464U94" name="testcases.TestNGDemo" tests="1" failures="0" timestamp="24 Jan 2019 00:05:02 GMT" time="10.742" errors="0">
  <testcase name="login" time="10.742" classname="testcases.TestNGDemo"/>
</testsuite> <!-- testcases.TestNGDemo -->
